20:43:45.401 [main] DEBUG org.testng.TestNG - suiteXmlPath: "C:\Users\Omkar\eclipse-workspace\OpencartProject\testng.xml"
20:43:45.980 [main] INFO  org.testng.internal.Utils - [TestNG] Running:
  C:\Users\Omkar\eclipse-workspace\OpencartProject\testng.xml

20:43:51.605 [main] INFO  testCases.TC_01_Registration - ******* Starting TC_01_Registration ********
20:43:51.763 [main] INFO  testCases.TC_01_Registration - ******** Click on My Account ********
20:43:52.457 [main] INFO  testCases.TC_01_Registration - ******** Click on Register ********
20:43:52.460 [main] INFO  testCases.TC_01_Registration - ******** Entering Customer details ********
20:44:00.139 [main] INFO  testCases.TC_01_Registration - ******** Validating expected message ********
20:44:00.297 [main] INFO  testCases.TC_01_Registration - ******** Finished TC_01_Registration **********
20:44:55.598 [main] DEBUG org.testng.TestNG - suiteXmlPath: "C:\Users\Omkar\eclipse-workspace\OpencartProject\testng.xml"
20:44:56.253 [main] INFO  org.testng.internal.Utils - [TestNG] Running:
  C:\Users\Omkar\eclipse-workspace\OpencartProject\testng.xml

20:45:07.640 [main] INFO  testCases.TC_01_Registration - ******* Starting TC_01_Registration ********
20:45:08.053 [main] INFO  testCases.TC_01_Registration - ******** Click on My Account ********
20:45:08.844 [main] INFO  testCases.TC_01_Registration - ******** Click on Register ********
20:45:08.849 [main] INFO  testCases.TC_01_Registration - ******** Entering Customer details ********
20:45:16.448 [main] INFO  testCases.TC_01_Registration - ******** Validating expected message ********
20:45:16.490 [main] INFO  testCases.TC_01_Registration - ******** Finished TC_01_Registration **********
20:51:26.234 [main] DEBUG org.testng.TestNG - suiteXmlPath: "C:\Users\Omkar\eclipse-workspace\OpencartProject\CrossBrowserParallel.xml"
20:51:26.896 [main] INFO  org.testng.internal.Utils - [TestNG] Running:
  C:\Users\Omkar\eclipse-workspace\OpencartProject\CrossBrowserParallel.xml

20:51:32.534 [main] INFO  testCases.TC_01_Registration - ******* Starting TC_01_Registration ********
20:51:32.709 [main] INFO  testCases.TC_01_Registration - ******** Click on My Account ********
20:51:33.372 [main] INFO  testCases.TC_01_Registration - ******** Click on Register ********
20:51:33.375 [main] INFO  testCases.TC_01_Registration - ******** Entering Customer details ********
20:51:41.197 [main] INFO  testCases.TC_01_Registration - ******** Validating expected message ********
20:51:41.259 [main] INFO  testCases.TC_01_Registration - ******** Finished TC_01_Registration **********
20:51:55.963 [main] INFO  testCases.TC_01_Registration - ******* Starting TC_01_Registration ********
20:51:56.088 [main] INFO  testCases.TC_01_Registration - ******** Click on My Account ********
20:51:57.443 [main] INFO  testCases.TC_01_Registration - ******** Click on Register ********
20:51:57.445 [main] INFO  testCases.TC_01_Registration - ******** Entering Customer details ********
20:52:05.077 [main] INFO  testCases.TC_01_Registration - ******** Validating expected message ********
20:52:05.173 [main] INFO  testCases.TC_01_Registration - ******** Finished TC_01_Registration **********
20:52:17.499 [main] INFO  testCases.TC_01_Registration - ******* Starting TC_01_Registration ********
20:52:17.903 [main] INFO  testCases.TC_01_Registration - ******** Click on My Account ********
20:52:19.534 [main] INFO  testCases.TC_01_Registration - ******** Click on Register ********
20:52:19.535 [main] INFO  testCases.TC_01_Registration - ******** Entering Customer details ********
20:52:27.035 [main] INFO  testCases.TC_01_Registration - ******** Validating expected message ********
20:52:27.087 [main] INFO  testCases.TC_01_Registration - ******** Finished TC_01_Registration **********
20:56:23.200 [main] DEBUG org.testng.TestNG - suiteXmlPath: "C:\Users\Omkar\eclipse-workspace\OpencartProject\CrossBrowserParallel.xml"
20:56:23.832 [main] INFO  org.testng.internal.Utils - [TestNG] Running:
  C:\Users\Omkar\eclipse-workspace\OpencartProject\CrossBrowserParallel.xml

20:56:29.264 [TestNG-tests-1] INFO  testCases.TC_01_Registration - ******* Starting TC_01_Registration ********
20:56:32.225 [TestNG-tests-1] INFO  testCases.TC_01_Registration - ******** Click on My Account ********
20:56:33.371 [TestNG-tests-1] INFO  testCases.TC_01_Registration - ******** Click on Register ********
20:56:33.375 [TestNG-tests-1] INFO  testCases.TC_01_Registration - ******** Entering Customer details ********
20:56:38.502 [TestNG-tests-3] INFO  testCases.TC_01_Registration - ******* Starting TC_01_Registration ********
20:56:38.979 [TestNG-tests-3] INFO  testCases.TC_01_Registration - ******** Click on My Account ********
20:56:39.420 [TestNG-tests-2] INFO  testCases.TC_01_Registration - ******* Starting TC_01_Registration ********
20:56:39.836 [TestNG-tests-2] INFO  testCases.TC_01_Registration - ******** Click on My Account ********
20:56:40.157 [TestNG-tests-3] INFO  testCases.TC_01_Registration - ******** Click on Register ********
20:56:40.159 [TestNG-tests-3] INFO  testCases.TC_01_Registration - ******** Entering Customer details ********
20:56:41.179 [TestNG-tests-2] INFO  testCases.TC_01_Registration - ******** Click on Register ********
20:56:41.180 [TestNG-tests-2] INFO  testCases.TC_01_Registration - ******** Entering Customer details ********
20:56:43.529 [TestNG-tests-1] INFO  testCases.TC_01_Registration - ******** Validating expected message ********
20:56:43.634 [TestNG-tests-1] INFO  testCases.TC_01_Registration - ******** Finished TC_01_Registration **********
20:56:48.165 [TestNG-tests-3] INFO  testCases.TC_01_Registration - ******** Validating expected message ********
20:56:48.226 [TestNG-tests-3] INFO  testCases.TC_01_Registration - ******** Finished TC_01_Registration **********
20:56:49.753 [TestNG-tests-2] INFO  testCases.TC_01_Registration - ******** Validating expected message ********
20:56:49.850 [TestNG-tests-2] INFO  testCases.TC_01_Registration - ******** Finished TC_01_Registration **********
22:13:22.631 [main] DEBUG org.testng.TestNG - suiteXmlPath: "C:\Users\Omkar\AppData\Local\Temp\testng-eclipse--433065281\testng-customsuite.xml"
22:13:23.161 [main] INFO  org.testng.internal.Utils - [Utils] MethodGroupsHelper.collectMethodsByGroup() took 2 ms.
22:13:23.168 [main] INFO  org.testng.internal.Utils - [Utils] MethodGroupsHelper.sortMethods() took 2 ms.
22:13:23.171 [main] INFO  org.testng.internal.Utils - [Utils] MethodGroupsHelper.collectMethodsByGroup() took 0 ms.
22:13:23.171 [main] INFO  org.testng.internal.Utils - [Utils] MethodGroupsHelper.sortMethods() took 0 ms.
22:13:23.172 [main] INFO  org.testng.internal.Utils - [Utils] MethodGroupsHelper.collectMethodsByGroup() took 0 ms.
22:13:23.173 [main] INFO  org.testng.internal.Utils - [Utils] MethodGroupsHelper.sortMethods() took 0 ms.
22:13:23.174 [main] INFO  org.testng.internal.Utils - [Utils] MethodGroupsHelper.collectMethodsByGroup() took 0 ms.
22:13:23.174 [main] INFO  org.testng.internal.Utils - [Utils] MethodGroupsHelper.sortMethods() took 0 ms.
22:13:23.182 [main] INFO  org.testng.internal.Utils - [Utils] MethodGroupsHelper.collectMethodsByGroup() took 3 ms.
22:13:23.201 [main] INFO  org.testng.internal.Utils - [Utils] MethodGroupsHelper.sortMethods() took 17 ms.
22:13:23.203 [main] INFO  org.testng.internal.Utils - [Utils] MethodGroupsHelper.collectMethodsByGroup() took 0 ms.
22:13:23.204 [main] INFO  org.testng.internal.Utils - [Utils] MethodGroupsHelper.sortMethods() took 0 ms.
22:13:23.205 [main] INFO  org.testng.internal.Utils - [Utils] MethodGroupsHelper.collectMethodsByGroup() took 0 ms.
22:13:23.205 [main] INFO  org.testng.internal.Utils - [Utils] MethodGroupsHelper.sortMethods() took 0 ms.
22:13:23.205 [main] INFO  org.testng.internal.Utils - [Utils] MethodGroupsHelper.collectMethodsByGroup() took 0 ms.
22:13:23.206 [main] INFO  org.testng.internal.Utils - [Utils] MethodGroupsHelper.sortMethods() took 0 ms.
22:13:23.208 [main] INFO  org.testng.internal.Utils - [Utils] MethodGroupsHelper.collectMethodsByGroup() took 0 ms.
22:13:23.209 [main] INFO  org.testng.internal.Utils - [Utils] MethodGroupsHelper.sortMethods() took 0 ms.
22:13:23.209 [main] INFO  org.testng.internal.Utils - [Utils] MethodGroupsHelper.collectMethodsByGroup() took 0 ms.
22:13:23.209 [main] INFO  org.testng.internal.Utils - [Utils] MethodGroupsHelper.sortMethods() took 0 ms.
22:13:23.214 [main] INFO  org.testng.internal.Utils - [Utils] MethodGroupsHelper.collectMethodsByGroup() took 0 ms.
22:13:23.214 [main] INFO  org.testng.internal.Utils - [Utils] MethodGroupsHelper.sortMethods() took 0 ms.
22:13:23.214 [main] INFO  org.testng.internal.Utils - [Utils] MethodGroupsHelper.collectMethodsByGroup() took 0 ms.
22:13:23.214 [main] INFO  org.testng.internal.Utils - [Utils] MethodGroupsHelper.sortMethods() took 0 ms.
22:13:23.216 [main] INFO  org.testng.internal.Utils - [Utils] MethodGroupsHelper.collectMethodsByGroup() took 1 ms.
22:13:23.216 [main] INFO  org.testng.internal.Utils - [Utils] MethodGroupsHelper.sortMethods() took 0 ms.
22:13:23.219 [main] INFO  org.testng.internal.Utils - [Utils] MethodGroupsHelper.collectMethodsByGroup() took 0 ms.
22:13:23.219 [main] INFO  org.testng.internal.Utils - [Utils] MethodGroupsHelper.sortMethods() took 0 ms.
22:13:23.219 [main] INFO  org.testng.internal.Utils - [Utils] MethodGroupsHelper.collectMethodsByGroup() took 0 ms.
22:13:23.219 [main] INFO  org.testng.internal.Utils - [Utils] MethodGroupsHelper.sortMethods() took 0 ms.
22:13:23.235 [main] INFO  org.testng.internal.Utils - [TestNG] Running:
  C:\Users\Omkar\AppData\Local\Temp\testng-eclipse--433065281\testng-customsuite.xml

22:13:23.264 [main] INFO  org.testng.internal.Utils - [Utils] DynamicGraphHelper.createDynamicGraph() took 8 ms.
22:13:23.742 [main] INFO  org.testng.internal.Utils - [TestNG] Time taken by org.testng.reporters.jq.Main@5e8ac0e1: 216 ms
22:13:23.774 [main] INFO  org.testng.internal.Utils - [TestNG] Time taken by org.testng.reporters.FailedReporter@781f10f2: 31 ms
22:13:23.793 [main] INFO  org.testng.internal.Utils - [TestNG] Time taken by org.testng.reporters.XMLReporter@6c25e6c4: 19 ms
22:13:23.809 [main] INFO  org.testng.internal.Utils - [TestNG] Time taken by org.testng.reporters.EmailableReporter2@7bb6ab3a: 16 ms
22:13:23.821 [main] INFO  org.testng.internal.Utils - [TestNG] Time taken by org.testng.reporters.JUnitReportReporter@5a85c92: 11 ms
22:13:23.822 [main] INFO  org.testng.internal.Utils - [TestNG] Time taken by org.testng.internal.ExitCodeListener@32811494: 0 ms
22:14:15.921 [main] DEBUG org.testng.TestNG - suiteXmlPath: "C:\Users\Omkar\AppData\Local\Temp\testng-eclipse--1851757069\testng-customsuite.xml"
22:14:16.382 [main] INFO  org.testng.internal.Utils - [Utils] MethodGroupsHelper.collectMethodsByGroup() took 0 ms.
22:14:16.388 [main] INFO  org.testng.internal.Utils - [Utils] MethodGroupsHelper.sortMethods() took 2 ms.
22:14:16.392 [main] INFO  org.testng.internal.Utils - [Utils] MethodGroupsHelper.collectMethodsByGroup() took 0 ms.
22:14:16.393 [main] INFO  org.testng.internal.Utils - [Utils] MethodGroupsHelper.sortMethods() took 0 ms.
22:14:16.394 [main] INFO  org.testng.internal.Utils - [Utils] MethodGroupsHelper.collectMethodsByGroup() took 0 ms.
22:14:16.394 [main] INFO  org.testng.internal.Utils - [Utils] MethodGroupsHelper.sortMethods() took 0 ms.
22:14:16.396 [main] INFO  org.testng.internal.Utils - [Utils] MethodGroupsHelper.collectMethodsByGroup() took 0 ms.
22:14:16.396 [main] INFO  org.testng.internal.Utils - [Utils] MethodGroupsHelper.sortMethods() took 0 ms.
22:14:16.404 [main] INFO  org.testng.internal.Utils - [Utils] MethodGroupsHelper.collectMethodsByGroup() took 4 ms.
22:14:16.424 [main] INFO  org.testng.internal.Utils - [Utils] MethodGroupsHelper.sortMethods() took 18 ms.
22:14:16.426 [main] INFO  org.testng.internal.Utils - [Utils] MethodGroupsHelper.collectMethodsByGroup() took 0 ms.
22:14:16.427 [main] INFO  org.testng.internal.Utils - [Utils] MethodGroupsHelper.sortMethods() took 0 ms.
22:14:16.428 [main] INFO  org.testng.internal.Utils - [Utils] MethodGroupsHelper.collectMethodsByGroup() took 0 ms.
22:14:16.428 [main] INFO  org.testng.internal.Utils - [Utils] MethodGroupsHelper.sortMethods() took 0 ms.
22:14:16.429 [main] INFO  org.testng.internal.Utils - [Utils] MethodGroupsHelper.collectMethodsByGroup() took 0 ms.
22:14:16.429 [main] INFO  org.testng.internal.Utils - [Utils] MethodGroupsHelper.sortMethods() took 0 ms.
22:14:16.432 [main] INFO  org.testng.internal.Utils - [Utils] MethodGroupsHelper.collectMethodsByGroup() took 0 ms.
22:14:16.433 [main] INFO  org.testng.internal.Utils - [Utils] MethodGroupsHelper.sortMethods() took 0 ms.
22:14:16.434 [main] INFO  org.testng.internal.Utils - [Utils] MethodGroupsHelper.collectMethodsByGroup() took 0 ms.
22:14:16.434 [main] INFO  org.testng.internal.Utils - [Utils] MethodGroupsHelper.sortMethods() took 0 ms.
22:14:16.440 [main] INFO  org.testng.internal.Utils - [Utils] MethodGroupsHelper.collectMethodsByGroup() took 0 ms.
22:14:16.440 [main] INFO  org.testng.internal.Utils - [Utils] MethodGroupsHelper.sortMethods() took 0 ms.
22:14:16.440 [main] INFO  org.testng.internal.Utils - [Utils] MethodGroupsHelper.collectMethodsByGroup() took 0 ms.
22:14:16.441 [main] INFO  org.testng.internal.Utils - [Utils] MethodGroupsHelper.sortMethods() took 0 ms.
22:14:16.443 [main] INFO  org.testng.internal.Utils - [Utils] MethodGroupsHelper.collectMethodsByGroup() took 0 ms.
22:14:16.444 [main] INFO  org.testng.internal.Utils - [Utils] MethodGroupsHelper.sortMethods() took 0 ms.
22:14:16.447 [main] INFO  org.testng.internal.Utils - [Utils] MethodGroupsHelper.collectMethodsByGroup() took 0 ms.
22:14:16.447 [main] INFO  org.testng.internal.Utils - [Utils] MethodGroupsHelper.sortMethods() took 0 ms.
22:14:16.447 [main] INFO  org.testng.internal.Utils - [Utils] MethodGroupsHelper.collectMethodsByGroup() took 0 ms.
22:14:16.447 [main] INFO  org.testng.internal.Utils - [Utils] MethodGroupsHelper.sortMethods() took 0 ms.
22:14:16.464 [main] INFO  org.testng.internal.Utils - [TestNG] Running:
  C:\Users\Omkar\AppData\Local\Temp\testng-eclipse--1851757069\testng-customsuite.xml

22:14:16.498 [main] INFO  org.testng.internal.Utils - [Utils] DynamicGraphHelper.createDynamicGraph() took 7 ms.
22:14:16.902 [main] INFO  org.testng.internal.Utils - [TestNG] Time taken by org.testng.reporters.jq.Main@aafcffa: 205 ms
22:14:16.946 [main] INFO  org.testng.internal.Utils - [TestNG] Time taken by org.testng.reporters.FailedReporter@2a79d4b1: 44 ms
22:14:16.974 [main] INFO  org.testng.internal.Utils - [TestNG] Time taken by org.testng.reporters.XMLReporter@85e6769: 28 ms
22:14:16.992 [main] INFO  org.testng.internal.Utils - [TestNG] Time taken by org.testng.reporters.EmailableReporter2@7fe7c640: 17 ms
22:14:17.007 [main] INFO  org.testng.internal.Utils - [TestNG] Time taken by org.testng.reporters.JUnitReportReporter@32811494: 15 ms
22:14:17.009 [main] INFO  org.testng.internal.Utils - [TestNG] Time taken by org.testng.internal.ExitCodeListener@4795ded0: 0 ms
22:16:04.651 [main] DEBUG org.testng.TestNG - suiteXmlPath: "C:\Users\Omkar\eclipse-workspace\OpencartProject\testng.xml"
22:16:05.306 [main] INFO  org.testng.internal.Utils - [TestNG] Running:
  C:\Users\Omkar\eclipse-workspace\OpencartProject\testng.xml

22:16:13.683 [main] INFO  testCases.TC_01_Registration - ******* Starting TC_01_Registration ********
22:16:15.177 [main] INFO  testCases.TC_01_Registration - ******** Click on My Account ********
22:16:15.992 [main] INFO  testCases.TC_01_Registration - ******** Click on Register ********
22:16:15.996 [main] INFO  testCases.TC_01_Registration - ******** Entering Customer details ********
22:16:23.980 [main] INFO  testCases.TC_01_Registration - ******** Validating expected message ********
22:16:24.089 [main] INFO  testCases.TC_01_Registration - ******** Finished TC_01_Registration **********
17:25:48.050 [main] DEBUG org.testng.TestNG - suiteXmlPath: "C:\Users\Omkar\eclipse-workspace\OpencartProject\testng.xml"
17:25:48.637 [main] INFO  org.testng.internal.Utils - [TestNG] Running:
  C:\Users\Omkar\eclipse-workspace\OpencartProject\testng.xml

17:26:31.145 [main] DEBUG org.testng.TestNG - suiteXmlPath: "C:\Users\Omkar\eclipse-workspace\OpencartProject\testng.xml"
17:26:31.699 [main] INFO  org.testng.internal.Utils - [TestNG] Running:
  C:\Users\Omkar\eclipse-workspace\OpencartProject\testng.xml

20:51:46.862 [main] DEBUG org.testng.TestNG - suiteXmlPath: "C:\Users\Omkar\eclipse-workspace\OpencartProject\testng.xml"
20:51:47.601 [main] INFO  org.testng.internal.Utils - [TestNG] Running:
  C:\Users\Omkar\eclipse-workspace\OpencartProject\testng.xml

20:51:56.367 [main] INFO  testCases.TC_01_Registration - ******* Starting TC_01_Registration ********
20:51:56.589 [main] INFO  testCases.TC_01_Registration - ******** Click on My Account ********
20:51:57.518 [main] INFO  testCases.TC_01_Registration - ******** Click on Register ********
20:51:57.524 [main] INFO  testCases.TC_01_Registration - ******** Entering Customer details ********
20:52:05.318 [main] INFO  testCases.TC_01_Registration - ******** Validating expected message ********
20:52:05.430 [main] INFO  testCases.TC_01_Registration - ******** Finished TC_01_Registration **********
20:53:19.163 [main] DEBUG org.testng.TestNG - suiteXmlPath: "C:\Users\Omkar\eclipse-workspace\OpencartProject\testng.xml"
20:53:19.790 [main] INFO  org.testng.internal.Utils - [TestNG] Running:
  C:\Users\Omkar\eclipse-workspace\OpencartProject\testng.xml

20:57:36.803 [main] DEBUG org.testng.TestNG - suiteXmlPath: "C:\Users\Omkar\eclipse-workspace\OpencartProject\testng.xml"
20:57:37.372 [main] INFO  org.testng.internal.Utils - [TestNG] Running:
  C:\Users\Omkar\eclipse-workspace\OpencartProject\testng.xml

20:58:07.922 [main] DEBUG org.testng.TestNG - suiteXmlPath: "C:\Users\Omkar\eclipse-workspace\OpencartProject\testng.xml"
20:58:08.461 [main] INFO  org.testng.internal.Utils - [TestNG] Running:
  C:\Users\Omkar\eclipse-workspace\OpencartProject\testng.xml

21:07:52.702 [main] DEBUG org.testng.TestNG - suiteXmlPath: "C:\Users\Omkar\eclipse-workspace\OpencartProject\testng.xml"
21:07:53.383 [main] INFO  org.testng.internal.Utils - [TestNG] Running:
  C:\Users\Omkar\eclipse-workspace\OpencartProject\testng.xml

21:09:32.915 [main] DEBUG org.testng.TestNG - suiteXmlPath: "C:\Users\Omkar\eclipse-workspace\OpencartProject\testng.xml"
21:09:33.464 [main] INFO  org.testng.internal.Utils - [TestNG] Running:
  C:\Users\Omkar\eclipse-workspace\OpencartProject\testng.xml

21:13:00.646 [main] DEBUG org.testng.TestNG - suiteXmlPath: "C:\Users\Omkar\eclipse-workspace\OpencartProject\testng.xml"
21:13:01.192 [main] INFO  org.testng.internal.Utils - [TestNG] Running:
  C:\Users\Omkar\eclipse-workspace\OpencartProject\testng.xml

09:29:34.995 [main] DEBUG org.testng.TestNG - suiteXmlPath: "C:\Users\Omkar\eclipse-workspace\OpencartProject\testng.xml"
09:29:35.580 [main] INFO  org.testng.internal.Utils - [TestNG] Running:
  C:\Users\Omkar\eclipse-workspace\OpencartProject\testng.xml

09:32:01.193 [main] DEBUG org.testng.TestNG - suiteXmlPath: "C:\Users\Omkar\eclipse-workspace\OpencartProject\testng.xml"
09:32:01.714 [main] INFO  org.testng.internal.Utils - [TestNG] Running:
  C:\Users\Omkar\eclipse-workspace\OpencartProject\testng.xml

09:41:14.369 [main] DEBUG org.testng.TestNG - suiteXmlPath: "C:\Users\Omkar\eclipse-workspace\OpencartProject\testng.xml"
09:41:14.921 [main] INFO  org.testng.internal.Utils - [TestNG] Running:
  C:\Users\Omkar\eclipse-workspace\OpencartProject\testng.xml

09:47:45.016 [main] DEBUG org.testng.TestNG - suiteXmlPath: "C:\Users\Omkar\eclipse-workspace\OpencartProject\testng.xml"
09:47:45.729 [main] INFO  org.testng.internal.Utils - [TestNG] Running:
  C:\Users\Omkar\eclipse-workspace\OpencartProject\testng.xml

09:47:54.711 [main] INFO  testCases.TC_01_Registration - ******* Starting TC_01_Registration ********
09:47:54.905 [main] INFO  testCases.TC_01_Registration - ******** Click on My Account ********
09:47:55.637 [main] INFO  testCases.TC_01_Registration - ******** Click on Register ********
09:47:55.644 [main] INFO  testCases.TC_01_Registration - ******** Entering Customer details ********
09:48:03.435 [main] INFO  testCases.TC_01_Registration - ******** Validating expected message ********
09:48:03.548 [main] INFO  testCases.TC_01_Registration - ******** Finished TC_01_Registration **********
09:50:33.442 [main] DEBUG org.testng.TestNG - suiteXmlPath: "C:\Users\Omkar\eclipse-workspace\OpencartProject\testng.xml"
09:50:33.997 [main] INFO  org.testng.internal.Utils - [TestNG] Running:
  C:\Users\Omkar\eclipse-workspace\OpencartProject\testng.xml

09:50:39.763 [main] INFO  testCases.TC_02_LoginTest - ******Starting of TC_02_LoginTest ******
09:50:41.936 [main] INFO  testCases.TC_02_LoginTest - ******Finished of TC_02_LoginTest ******
09:51:37.355 [main] DEBUG org.testng.TestNG - suiteXmlPath: "C:\Users\Omkar\eclipse-workspace\OpencartProject\testng.xml"
09:51:37.903 [main] INFO  org.testng.internal.Utils - [TestNG] Running:
  C:\Users\Omkar\eclipse-workspace\OpencartProject\testng.xml

09:51:46.930 [main] INFO  testCases.TC_02_LoginTest - ******Starting of TC_02_LoginTest ******
09:51:52.817 [main] INFO  testCases.TC_02_LoginTest - ******Finished of TC_02_LoginTest ******
22:25:42.562 [main] DEBUG org.testng.TestNG - suiteXmlPath: "C:\Users\Omkar\eclipse-workspace\OpencartProject\testng.xml"
22:25:43.320 [main] INFO  org.testng.internal.Utils - [TestNG] Running:
  C:\Users\Omkar\eclipse-workspace\OpencartProject\testng.xml

22:25:59.692 [main] DEBUG org.apache.poi.openxml4j.opc.PackageRelationshipCollection - Parsing relationship: /xl/_rels/workbook.xml.rels
22:25:59.702 [main] DEBUG org.apache.poi.openxml4j.opc.PackageRelationshipCollection - Parsing relationship: /xl/worksheets/_rels/sheet1.xml.rels
22:25:59.712 [main] DEBUG org.apache.poi.openxml4j.opc.PackageRelationshipCollection - Parsing relationship: /_rels/.rels
22:26:01.279 [main] DEBUG org.apache.poi.openxml4j.opc.PackageRelationshipCollection - Parsing relationship: /xl/_rels/workbook.xml.rels
22:26:01.301 [main] DEBUG org.apache.poi.openxml4j.opc.PackageRelationshipCollection - Parsing relationship: /xl/worksheets/_rels/sheet1.xml.rels
22:26:01.330 [main] DEBUG org.apache.poi.openxml4j.opc.PackageRelationshipCollection - Parsing relationship: /_rels/.rels
22:26:01.486 [main] DEBUG org.apache.poi.openxml4j.opc.PackageRelationshipCollection - Parsing relationship: /xl/_rels/workbook.xml.rels
22:26:01.493 [main] DEBUG org.apache.poi.openxml4j.opc.PackageRelationshipCollection - Parsing relationship: /xl/worksheets/_rels/sheet1.xml.rels
22:26:01.495 [main] DEBUG org.apache.poi.openxml4j.opc.PackageRelationshipCollection - Parsing relationship: /_rels/.rels
22:26:01.639 [main] DEBUG org.apache.poi.openxml4j.opc.PackageRelationshipCollection - Parsing relationship: /xl/_rels/workbook.xml.rels
22:26:01.642 [main] DEBUG org.apache.poi.openxml4j.opc.PackageRelationshipCollection - Parsing relationship: /xl/worksheets/_rels/sheet1.xml.rels
22:26:01.644 [main] DEBUG org.apache.poi.openxml4j.opc.PackageRelationshipCollection - Parsing relationship: /_rels/.rels
22:26:01.732 [main] DEBUG org.apache.poi.openxml4j.opc.PackageRelationshipCollection - Parsing relationship: /xl/_rels/workbook.xml.rels
22:26:01.734 [main] DEBUG org.apache.poi.openxml4j.opc.PackageRelationshipCollection - Parsing relationship: /xl/worksheets/_rels/sheet1.xml.rels
22:26:01.736 [main] DEBUG org.apache.poi.openxml4j.opc.PackageRelationshipCollection - Parsing relationship: /_rels/.rels
22:26:01.797 [main] DEBUG org.apache.poi.openxml4j.opc.PackageRelationshipCollection - Parsing relationship: /xl/_rels/workbook.xml.rels
22:26:01.812 [main] DEBUG org.apache.poi.openxml4j.opc.PackageRelationshipCollection - Parsing relationship: /xl/worksheets/_rels/sheet1.xml.rels
22:26:01.815 [main] DEBUG org.apache.poi.openxml4j.opc.PackageRelationshipCollection - Parsing relationship: /_rels/.rels
22:26:01.890 [main] DEBUG org.apache.poi.openxml4j.opc.PackageRelationshipCollection - Parsing relationship: /xl/_rels/workbook.xml.rels
22:26:01.892 [main] DEBUG org.apache.poi.openxml4j.opc.PackageRelationshipCollection - Parsing relationship: /xl/worksheets/_rels/sheet1.xml.rels
22:26:01.894 [main] DEBUG org.apache.poi.openxml4j.opc.PackageRelationshipCollection - Parsing relationship: /_rels/.rels
22:26:01.948 [main] DEBUG org.apache.poi.openxml4j.opc.PackageRelationshipCollection - Parsing relationship: /xl/_rels/workbook.xml.rels
22:26:01.951 [main] DEBUG org.apache.poi.openxml4j.opc.PackageRelationshipCollection - Parsing relationship: /xl/worksheets/_rels/sheet1.xml.rels
22:26:01.953 [main] DEBUG org.apache.poi.openxml4j.opc.PackageRelationshipCollection - Parsing relationship: /_rels/.rels
22:26:02.037 [main] INFO  testCases.TC_03_LoginTestDataDriven - ******Starting of TC_03_LoginTest ******
22:26:04.906 [main] INFO  testCases.TC_03_LoginTestDataDriven - ****** Finished of TC_03_LoginTest ******
22:26:04.918 [main] INFO  testCases.TC_03_LoginTestDataDriven - ******Starting of TC_03_LoginTest ******
22:26:08.358 [main] INFO  testCases.TC_03_LoginTestDataDriven - ******Starting of TC_03_LoginTest ******
22:30:02.719 [main] DEBUG org.testng.TestNG - suiteXmlPath: "C:\Users\Omkar\eclipse-workspace\OpencartProject\testng.xml"
22:30:03.311 [main] INFO  org.testng.internal.Utils - [TestNG] Running:
  C:\Users\Omkar\eclipse-workspace\OpencartProject\testng.xml

22:30:09.511 [main] DEBUG org.apache.poi.openxml4j.opc.PackageRelationshipCollection - Parsing relationship: /xl/_rels/workbook.xml.rels
22:30:09.525 [main] DEBUG org.apache.poi.openxml4j.opc.PackageRelationshipCollection - Parsing relationship: /xl/worksheets/_rels/sheet1.xml.rels
22:30:09.528 [main] DEBUG org.apache.poi.openxml4j.opc.PackageRelationshipCollection - Parsing relationship: /_rels/.rels
22:30:10.833 [main] DEBUG org.apache.poi.openxml4j.opc.PackageRelationshipCollection - Parsing relationship: /xl/_rels/workbook.xml.rels
22:30:10.837 [main] DEBUG org.apache.poi.openxml4j.opc.PackageRelationshipCollection - Parsing relationship: /xl/worksheets/_rels/sheet1.xml.rels
22:30:10.840 [main] DEBUG org.apache.poi.openxml4j.opc.PackageRelationshipCollection - Parsing relationship: /_rels/.rels
22:30:10.924 [main] DEBUG org.apache.poi.openxml4j.opc.PackageRelationshipCollection - Parsing relationship: /xl/_rels/workbook.xml.rels
22:30:10.927 [main] DEBUG org.apache.poi.openxml4j.opc.PackageRelationshipCollection - Parsing relationship: /xl/worksheets/_rels/sheet1.xml.rels
22:30:10.930 [main] DEBUG org.apache.poi.openxml4j.opc.PackageRelationshipCollection - Parsing relationship: /_rels/.rels
22:30:11.034 [main] DEBUG org.apache.poi.openxml4j.opc.PackageRelationshipCollection - Parsing relationship: /xl/_rels/workbook.xml.rels
22:30:11.037 [main] DEBUG org.apache.poi.openxml4j.opc.PackageRelationshipCollection - Parsing relationship: /xl/worksheets/_rels/sheet1.xml.rels
22:30:11.040 [main] DEBUG org.apache.poi.openxml4j.opc.PackageRelationshipCollection - Parsing relationship: /_rels/.rels
22:30:11.167 [main] DEBUG org.apache.poi.openxml4j.opc.PackageRelationshipCollection - Parsing relationship: /xl/_rels/workbook.xml.rels
22:30:11.170 [main] DEBUG org.apache.poi.openxml4j.opc.PackageRelationshipCollection - Parsing relationship: /xl/worksheets/_rels/sheet1.xml.rels
22:30:11.173 [main] DEBUG org.apache.poi.openxml4j.opc.PackageRelationshipCollection - Parsing relationship: /_rels/.rels
22:30:11.271 [main] DEBUG org.apache.poi.openxml4j.opc.PackageRelationshipCollection - Parsing relationship: /xl/_rels/workbook.xml.rels
22:30:11.273 [main] DEBUG org.apache.poi.openxml4j.opc.PackageRelationshipCollection - Parsing relationship: /xl/worksheets/_rels/sheet1.xml.rels
22:30:11.276 [main] DEBUG org.apache.poi.openxml4j.opc.PackageRelationshipCollection - Parsing relationship: /_rels/.rels
22:30:11.377 [main] DEBUG org.apache.poi.openxml4j.opc.PackageRelationshipCollection - Parsing relationship: /xl/_rels/workbook.xml.rels
22:30:11.380 [main] DEBUG org.apache.poi.openxml4j.opc.PackageRelationshipCollection - Parsing relationship: /xl/worksheets/_rels/sheet1.xml.rels
22:30:11.382 [main] DEBUG org.apache.poi.openxml4j.opc.PackageRelationshipCollection - Parsing relationship: /_rels/.rels
22:30:11.456 [main] DEBUG org.apache.poi.openxml4j.opc.PackageRelationshipCollection - Parsing relationship: /xl/_rels/workbook.xml.rels
22:30:11.458 [main] DEBUG org.apache.poi.openxml4j.opc.PackageRelationshipCollection - Parsing relationship: /xl/worksheets/_rels/sheet1.xml.rels
22:30:11.477 [main] DEBUG org.apache.poi.openxml4j.opc.PackageRelationshipCollection - Parsing relationship: /_rels/.rels
22:30:11.561 [main] INFO  testCases.TC_03_LoginTestDataDriven - ******Starting of TC_03_LoginTest ******
22:30:14.464 [main] INFO  testCases.TC_03_LoginTestDataDriven - ****** Finished of TC_03_LoginTest ******
22:30:14.480 [main] INFO  testCases.TC_03_LoginTestDataDriven - ******Starting of TC_03_LoginTest ******
22:30:18.009 [main] INFO  testCases.TC_03_LoginTestDataDriven - ******Starting of TC_03_LoginTest ******
09:36:37.285 [main] DEBUG org.testng.TestNG - suiteXmlPath: "C:\Users\Omkar\eclipse-workspace\OpencartProject\Grouping.xml"
09:36:37.917 [main] INFO  org.testng.internal.Utils - [TestNG] Running:
  C:\Users\Omkar\eclipse-workspace\OpencartProject\Grouping.xml

09:36:50.732 [main] INFO  testCases.TC_01_Registration - ******* Starting TC_01_Registration ********
09:36:50.904 [main] INFO  testCases.TC_01_Registration - ******** Click on My Account ********
09:36:51.593 [main] INFO  testCases.TC_01_Registration - ******** Click on Register ********
09:36:51.604 [main] INFO  testCases.TC_01_Registration - ******** Entering Customer details ********
09:36:59.087 [main] INFO  testCases.TC_01_Registration - ******** Validating expected message ********
09:36:59.169 [main] INFO  testCases.TC_01_Registration - ******** Finished TC_01_Registration **********
09:37:03.058 [main] INFO  testCases.TC_02_LoginTest - ******Starting of TC_02_LoginTest ******
09:37:10.377 [main] INFO  testCases.TC_02_LoginTest - ******Finished of TC_02_LoginTest ******
09:38:18.022 [main] DEBUG org.testng.TestNG - suiteXmlPath: "C:\Users\Omkar\eclipse-workspace\OpencartProject\Grouping.xml"
09:38:18.582 [main] INFO  org.testng.internal.Utils - [TestNG] Running:
  C:\Users\Omkar\eclipse-workspace\OpencartProject\Grouping.xml

09:38:24.594 [main] INFO  testCases.TC_01_Registration - ******* Starting TC_01_Registration ********
09:38:24.751 [main] INFO  testCases.TC_01_Registration - ******** Click on My Account ********
09:38:25.493 [main] INFO  testCases.TC_01_Registration - ******** Click on Register ********
09:38:25.496 [main] INFO  testCases.TC_01_Registration - ******** Entering Customer details ********
09:38:33.331 [main] INFO  testCases.TC_01_Registration - ******** Validating expected message ********
09:38:33.396 [main] INFO  testCases.TC_01_Registration - ******** Finished TC_01_Registration **********
09:39:28.959 [main] DEBUG org.testng.TestNG - suiteXmlPath: "C:\Users\Omkar\eclipse-workspace\OpencartProject\Grouping.xml"
09:39:29.535 [main] INFO  org.testng.internal.Utils - [TestNG] Running:
  C:\Users\Omkar\eclipse-workspace\OpencartProject\Grouping.xml

09:39:35.126 [main] INFO  testCases.TC_02_LoginTest - ******Starting of TC_02_LoginTest ******
09:39:41.185 [main] INFO  testCases.TC_02_LoginTest - ******Finished of TC_02_LoginTest ******
09:57:29.013 [main] DEBUG org.testng.TestNG - suiteXmlPath: "C:\Users\Omkar\eclipse-workspace\OpencartProject\Grouping.xml"
09:57:29.687 [main] INFO  org.testng.internal.Utils - [TestNG] Running:
  C:\Users\Omkar\eclipse-workspace\OpencartProject\Grouping.xml

09:57:39.456 [main] INFO  testCases.TC_01_Registration - ******* Starting TC_01_Registration ********
09:57:39.727 [main] INFO  testCases.TC_01_Registration - ******** Click on My Account ********
09:57:41.141 [main] INFO  testCases.TC_01_Registration - ******** Click on Register ********
09:57:41.147 [main] INFO  testCases.TC_01_Registration - ******** Entering Customer details ********
09:57:49.080 [main] INFO  testCases.TC_01_Registration - ******** Validating expected message ********
09:57:49.148 [main] INFO  testCases.TC_01_Registration - ******** Finished TC_01_Registration **********
09:57:54.145 [main] INFO  testCases.TC_02_LoginTest - ******Starting of TC_02_LoginTest ******
09:58:00.159 [main] INFO  testCases.TC_02_LoginTest - ******Finished of TC_02_LoginTest ******
11:46:49.467 [main] DEBUG org.testng.TestNG - suiteXmlPath: "C:\Users\Omkar\eclipse-workspace\OpencartProject\Grouping.xml"
11:46:50.314 [main] INFO  org.testng.internal.Utils - [TestNG] Running:
  C:\Users\Omkar\eclipse-workspace\OpencartProject\Grouping.xml

11:47:00.084 [main] INFO  testCases.TC_01_Registration - ******* Starting TC_01_Registration ********
11:47:00.397 [main] INFO  testCases.TC_01_Registration - ******** Click on My Account ********
11:47:01.296 [main] INFO  testCases.TC_01_Registration - ******** Click on Register ********
11:47:01.299 [main] INFO  testCases.TC_01_Registration - ******** Entering Customer details ********
11:47:09.378 [main] INFO  testCases.TC_01_Registration - ******** Validating expected message ********
11:47:09.443 [main] INFO  testCases.TC_01_Registration - ******** Finished TC_01_Registration **********
11:47:15.806 [main] INFO  testCases.TC_02_LoginTest - ******Starting of TC_02_LoginTest ******
11:47:21.782 [main] INFO  testCases.TC_02_LoginTest - ******Finished of TC_02_LoginTest ******
11:49:21.472 [main] DEBUG org.testng.TestNG - suiteXmlPath: "C:\Users\Omkar\eclipse-workspace\OpencartProject\testng.xml"
11:49:21.982 [main] INFO  org.testng.internal.Utils - [TestNG] Running:
  C:\Users\Omkar\eclipse-workspace\OpencartProject\testng.xml

11:49:27.843 [main] DEBUG org.apache.poi.openxml4j.opc.PackageRelationshipCollection - Parsing relationship: /xl/_rels/workbook.xml.rels
11:49:27.863 [main] DEBUG org.apache.poi.openxml4j.opc.PackageRelationshipCollection - Parsing relationship: /xl/worksheets/_rels/sheet1.xml.rels
11:49:27.875 [main] DEBUG org.apache.poi.openxml4j.opc.PackageRelationshipCollection - Parsing relationship: /_rels/.rels
11:49:28.996 [main] DEBUG org.apache.poi.openxml4j.opc.PackageRelationshipCollection - Parsing relationship: /xl/_rels/workbook.xml.rels
11:49:28.998 [main] DEBUG org.apache.poi.openxml4j.opc.PackageRelationshipCollection - Parsing relationship: /xl/worksheets/_rels/sheet1.xml.rels
11:49:29.001 [main] DEBUG org.apache.poi.openxml4j.opc.PackageRelationshipCollection - Parsing relationship: /_rels/.rels
11:49:29.055 [main] DEBUG org.apache.poi.openxml4j.opc.PackageRelationshipCollection - Parsing relationship: /xl/_rels/workbook.xml.rels
11:49:29.057 [main] DEBUG org.apache.poi.openxml4j.opc.PackageRelationshipCollection - Parsing relationship: /xl/worksheets/_rels/sheet1.xml.rels
11:49:29.059 [main] DEBUG org.apache.poi.openxml4j.opc.PackageRelationshipCollection - Parsing relationship: /_rels/.rels
11:49:29.120 [main] DEBUG org.apache.poi.openxml4j.opc.PackageRelationshipCollection - Parsing relationship: /xl/_rels/workbook.xml.rels
11:49:29.122 [main] DEBUG org.apache.poi.openxml4j.opc.PackageRelationshipCollection - Parsing relationship: /xl/worksheets/_rels/sheet1.xml.rels
11:49:29.124 [main] DEBUG org.apache.poi.openxml4j.opc.PackageRelationshipCollection - Parsing relationship: /_rels/.rels
11:49:29.167 [main] DEBUG org.apache.poi.openxml4j.opc.PackageRelationshipCollection - Parsing relationship: /xl/_rels/workbook.xml.rels
11:49:29.169 [main] DEBUG org.apache.poi.openxml4j.opc.PackageRelationshipCollection - Parsing relationship: /xl/worksheets/_rels/sheet1.xml.rels
11:49:29.171 [main] DEBUG org.apache.poi.openxml4j.opc.PackageRelationshipCollection - Parsing relationship: /_rels/.rels
11:49:29.209 [main] DEBUG org.apache.poi.openxml4j.opc.PackageRelationshipCollection - Parsing relationship: /xl/_rels/workbook.xml.rels
11:49:29.211 [main] DEBUG org.apache.poi.openxml4j.opc.PackageRelationshipCollection - Parsing relationship: /xl/worksheets/_rels/sheet1.xml.rels
11:49:29.213 [main] DEBUG org.apache.poi.openxml4j.opc.PackageRelationshipCollection - Parsing relationship: /_rels/.rels
11:49:29.251 [main] DEBUG org.apache.poi.openxml4j.opc.PackageRelationshipCollection - Parsing relationship: /xl/_rels/workbook.xml.rels
11:49:29.253 [main] DEBUG org.apache.poi.openxml4j.opc.PackageRelationshipCollection - Parsing relationship: /xl/worksheets/_rels/sheet1.xml.rels
11:49:29.254 [main] DEBUG org.apache.poi.openxml4j.opc.PackageRelationshipCollection - Parsing relationship: /_rels/.rels
11:49:29.317 [main] DEBUG org.apache.poi.openxml4j.opc.PackageRelationshipCollection - Parsing relationship: /xl/_rels/workbook.xml.rels
11:49:29.324 [main] DEBUG org.apache.poi.openxml4j.opc.PackageRelationshipCollection - Parsing relationship: /xl/worksheets/_rels/sheet1.xml.rels
11:49:29.352 [main] DEBUG org.apache.poi.openxml4j.opc.PackageRelationshipCollection - Parsing relationship: /_rels/.rels
11:49:29.431 [main] INFO  testCases.TC_03_LoginTestDataDriven - ******Starting of TC_03_LoginTest ******
11:49:32.206 [main] INFO  testCases.TC_03_LoginTestDataDriven - ****** Finished of TC_03_LoginTest ******
11:49:32.232 [main] INFO  testCases.TC_03_LoginTestDataDriven - ******Starting of TC_03_LoginTest ******
11:49:34.770 [main] INFO  testCases.TC_03_LoginTestDataDriven - ******Starting of TC_03_LoginTest ******
11:53:50.287 [main] DEBUG org.testng.TestNG - suiteXmlPath: "C:\Users\Omkar\eclipse-workspace\OpencartProject\Grouping.xml"
11:53:50.879 [main] INFO  org.testng.internal.Utils - [TestNG] Running:
  C:\Users\Omkar\eclipse-workspace\OpencartProject\Grouping.xml

11:53:59.569 [main] INFO  testCases.TC_01_Registration - ******* Starting TC_01_Registration ********
11:53:59.693 [main] INFO  testCases.TC_01_Registration - ******** Click on My Account ********
11:54:01.210 [main] INFO  testCases.TC_01_Registration - ******** Click on Register ********
11:54:01.214 [main] INFO  testCases.TC_01_Registration - ******** Entering Customer details ********
11:54:08.207 [main] INFO  testCases.TC_01_Registration - ******** Validating expected message ********
11:54:08.270 [main] INFO  testCases.TC_01_Registration - ******** Finished TC_01_Registration **********
11:54:12.733 [main] INFO  testCases.TC_02_LoginTest - ******Starting of TC_02_LoginTest ******
11:54:18.544 [main] INFO  testCases.TC_02_LoginTest - ******Finished of TC_02_LoginTest ******
11:55:30.223 [main] DEBUG org.testng.TestNG - suiteXmlPath: "C:\Users\Omkar\eclipse-workspace\OpencartProject\Grouping.xml"
11:55:30.900 [main] INFO  org.testng.internal.Utils - [TestNG] Running:
  C:\Users\Omkar\eclipse-workspace\OpencartProject\Grouping.xml

11:55:36.406 [main] INFO  testCases.TC_01_Registration - ******* Starting TC_01_Registration ********
11:55:36.570 [main] INFO  testCases.TC_01_Registration - ******** Click on My Account ********
11:55:37.246 [main] INFO  testCases.TC_01_Registration - ******** Click on Register ********
11:55:37.251 [main] INFO  testCases.TC_01_Registration - ******** Entering Customer details ********
11:55:44.358 [main] INFO  testCases.TC_01_Registration - ******** Validating expected message ********
11:55:44.454 [main] INFO  testCases.TC_01_Registration - ******** Finished TC_01_Registration **********
11:55:48.992 [main] INFO  testCases.TC_02_LoginTest - ******Starting of TC_02_LoginTest ******
11:55:54.871 [main] INFO  testCases.TC_02_LoginTest - ******Finished of TC_02_LoginTest ******
12:03:02.763 [main] DEBUG org.testng.TestNG - suiteXmlPath: "C:\Users\Omkar\eclipse-workspace\OpencartProject\Grouping.xml"
12:03:03.343 [main] INFO  org.testng.internal.Utils - [TestNG] Running:
  C:\Users\Omkar\eclipse-workspace\OpencartProject\Grouping.xml

12:03:08.952 [main] INFO  testCases.TC_01_Registration - ******* Starting TC_01_Registration ********
12:03:09.115 [main] INFO  testCases.TC_01_Registration - ******** Click on My Account ********
12:03:09.827 [main] INFO  testCases.TC_01_Registration - ******** Click on Register ********
12:03:09.834 [main] INFO  testCases.TC_01_Registration - ******** Entering Customer details ********
12:03:17.299 [main] INFO  testCases.TC_01_Registration - ******** Validating expected message ********
12:03:17.351 [main] INFO  testCases.TC_01_Registration - ******** Finished TC_01_Registration **********
12:03:22.031 [main] INFO  testCases.TC_02_LoginTest - ******Starting of TC_02_LoginTest ******
12:03:28.029 [main] INFO  testCases.TC_02_LoginTest - ******Finished of TC_02_LoginTest ******
21:10:07.748 [main] DEBUG org.testng.TestNG - suiteXmlPath: "C:\Users\Omkar\eclipse-workspace\OpencartProject\testng.xml"
21:10:08.362 [main] INFO  org.testng.internal.Utils - [TestNG] Running:
  C:\Users\Omkar\eclipse-workspace\OpencartProject\testng.xml

21:10:15.513 [main] DEBUG org.apache.poi.openxml4j.opc.PackageRelationshipCollection - Parsing relationship: /xl/_rels/workbook.xml.rels
21:10:15.562 [main] DEBUG org.apache.poi.openxml4j.opc.PackageRelationshipCollection - Parsing relationship: /xl/worksheets/_rels/sheet1.xml.rels
21:10:15.595 [main] DEBUG org.apache.poi.openxml4j.opc.PackageRelationshipCollection - Parsing relationship: /_rels/.rels
21:10:17.301 [main] DEBUG org.apache.poi.openxml4j.opc.PackageRelationshipCollection - Parsing relationship: /xl/_rels/workbook.xml.rels
21:10:17.328 [main] DEBUG org.apache.poi.openxml4j.opc.PackageRelationshipCollection - Parsing relationship: /xl/worksheets/_rels/sheet1.xml.rels
21:10:17.336 [main] DEBUG org.apache.poi.openxml4j.opc.PackageRelationshipCollection - Parsing relationship: /_rels/.rels
21:10:17.500 [main] DEBUG org.apache.poi.openxml4j.opc.PackageRelationshipCollection - Parsing relationship: /xl/_rels/workbook.xml.rels
21:10:17.503 [main] DEBUG org.apache.poi.openxml4j.opc.PackageRelationshipCollection - Parsing relationship: /xl/worksheets/_rels/sheet1.xml.rels
21:10:17.506 [main] DEBUG org.apache.poi.openxml4j.opc.PackageRelationshipCollection - Parsing relationship: /_rels/.rels
21:10:17.593 [main] DEBUG org.apache.poi.openxml4j.opc.PackageRelationshipCollection - Parsing relationship: /xl/_rels/workbook.xml.rels
21:10:17.596 [main] DEBUG org.apache.poi.openxml4j.opc.PackageRelationshipCollection - Parsing relationship: /xl/worksheets/_rels/sheet1.xml.rels
21:10:17.599 [main] DEBUG org.apache.poi.openxml4j.opc.PackageRelationshipCollection - Parsing relationship: /_rels/.rels
21:10:17.659 [main] DEBUG org.apache.poi.openxml4j.opc.PackageRelationshipCollection - Parsing relationship: /xl/_rels/workbook.xml.rels
21:10:17.661 [main] DEBUG org.apache.poi.openxml4j.opc.PackageRelationshipCollection - Parsing relationship: /xl/worksheets/_rels/sheet1.xml.rels
21:10:17.664 [main] DEBUG org.apache.poi.openxml4j.opc.PackageRelationshipCollection - Parsing relationship: /_rels/.rels
21:10:17.725 [main] DEBUG org.apache.poi.openxml4j.opc.PackageRelationshipCollection - Parsing relationship: /xl/_rels/workbook.xml.rels
21:10:17.727 [main] DEBUG org.apache.poi.openxml4j.opc.PackageRelationshipCollection - Parsing relationship: /xl/worksheets/_rels/sheet1.xml.rels
21:10:17.730 [main] DEBUG org.apache.poi.openxml4j.opc.PackageRelationshipCollection - Parsing relationship: /_rels/.rels
21:10:17.786 [main] DEBUG org.apache.poi.openxml4j.opc.PackageRelationshipCollection - Parsing relationship: /xl/_rels/workbook.xml.rels
21:10:17.788 [main] DEBUG org.apache.poi.openxml4j.opc.PackageRelationshipCollection - Parsing relationship: /xl/worksheets/_rels/sheet1.xml.rels
21:10:17.791 [main] DEBUG org.apache.poi.openxml4j.opc.PackageRelationshipCollection - Parsing relationship: /_rels/.rels
21:10:17.848 [main] DEBUG org.apache.poi.openxml4j.opc.PackageRelationshipCollection - Parsing relationship: /xl/_rels/workbook.xml.rels
21:10:17.851 [main] DEBUG org.apache.poi.openxml4j.opc.PackageRelationshipCollection - Parsing relationship: /xl/worksheets/_rels/sheet1.xml.rels
21:10:17.855 [main] DEBUG org.apache.poi.openxml4j.opc.PackageRelationshipCollection - Parsing relationship: /_rels/.rels
21:10:17.934 [main] INFO  testCases.TC_03_LoginTestDataDriven - ******Starting of TC_03_LoginTest ******
21:10:21.055 [main] INFO  testCases.TC_03_LoginTestDataDriven - ****** Finished of TC_03_LoginTest ******
21:10:21.089 [main] INFO  testCases.TC_03_LoginTestDataDriven - ******Starting of TC_03_LoginTest ******
21:10:24.869 [main] INFO  testCases.TC_03_LoginTestDataDriven - ******Starting of TC_03_LoginTest ******
21:11:05.775 [main] DEBUG org.testng.TestNG - suiteXmlPath: "C:\Users\Omkar\eclipse-workspace\OpencartProject\Grouping.xml"
21:11:06.450 [main] INFO  org.testng.internal.Utils - [TestNG] Running:
  C:\Users\Omkar\eclipse-workspace\OpencartProject\Grouping.xml

21:11:30.715 [main] INFO  testCases.TC_01_Registration - ******* Starting TC_01_Registration ********
21:11:31.203 [main] INFO  testCases.TC_01_Registration - ******** Click on My Account ********
21:11:32.048 [main] INFO  testCases.TC_01_Registration - ******** Click on Register ********
21:11:32.052 [main] INFO  testCases.TC_01_Registration - ******** Entering Customer details ********
21:11:40.481 [main] INFO  testCases.TC_01_Registration - ******** Validating expected message ********
21:11:40.546 [main] INFO  testCases.TC_01_Registration - ******** Finished TC_01_Registration **********
21:11:45.664 [main] INFO  testCases.TC_02_LoginTest - ******Starting of TC_02_LoginTest ******
21:11:51.505 [main] INFO  testCases.TC_02_LoginTest - ******Finished of TC_02_LoginTest ******
21:12:29.766 [main] DEBUG org.testng.TestNG - suiteXmlPath: "C:\Users\Omkar\eclipse-workspace\OpencartProject\Grouping.xml"
21:12:30.371 [main] INFO  org.testng.internal.Utils - [TestNG] Running:
  C:\Users\Omkar\eclipse-workspace\OpencartProject\Grouping.xml

21:14:00.588 [main] DEBUG org.testng.TestNG - suiteXmlPath: "C:\Users\Omkar\eclipse-workspace\OpencartProject\Grouping.xml"
21:14:01.206 [main] INFO  org.testng.internal.Utils - [TestNG] Running:
  C:\Users\Omkar\eclipse-workspace\OpencartProject\Grouping.xml

21:15:36.068 [main] DEBUG org.testng.TestNG - suiteXmlPath: "C:\Users\Omkar\eclipse-workspace\OpencartProject\Grouping.xml"
21:15:36.736 [main] INFO  org.testng.internal.Utils - [TestNG] Running:
  C:\Users\Omkar\eclipse-workspace\OpencartProject\Grouping.xml

21:17:44.408 [main] DEBUG org.testng.TestNG - suiteXmlPath: "C:\Users\Omkar\eclipse-workspace\OpencartProject\testng.xml"
21:17:44.983 [main] INFO  org.testng.internal.Utils - [TestNG] Running:
  C:\Users\Omkar\eclipse-workspace\OpencartProject\testng.xml

21:17:49.582 [main] DEBUG org.apache.poi.openxml4j.opc.PackageRelationshipCollection - Parsing relationship: /xl/_rels/workbook.xml.rels
21:17:49.589 [main] DEBUG org.apache.poi.openxml4j.opc.PackageRelationshipCollection - Parsing relationship: /xl/worksheets/_rels/sheet1.xml.rels
21:17:49.592 [main] DEBUG org.apache.poi.openxml4j.opc.PackageRelationshipCollection - Parsing relationship: /_rels/.rels
21:17:50.473 [main] DEBUG org.apache.poi.openxml4j.opc.PackageRelationshipCollection - Parsing relationship: /xl/_rels/workbook.xml.rels
21:17:50.475 [main] DEBUG org.apache.poi.openxml4j.opc.PackageRelationshipCollection - Parsing relationship: /xl/worksheets/_rels/sheet1.xml.rels
21:17:50.477 [main] DEBUG org.apache.poi.openxml4j.opc.PackageRelationshipCollection - Parsing relationship: /_rels/.rels
21:17:50.554 [main] DEBUG org.apache.poi.openxml4j.opc.PackageRelationshipCollection - Parsing relationship: /xl/_rels/workbook.xml.rels
21:17:50.556 [main] DEBUG org.apache.poi.openxml4j.opc.PackageRelationshipCollection - Parsing relationship: /xl/worksheets/_rels/sheet1.xml.rels
21:17:50.562 [main] DEBUG org.apache.poi.openxml4j.opc.PackageRelationshipCollection - Parsing relationship: /_rels/.rels
21:17:50.631 [main] DEBUG org.apache.poi.openxml4j.opc.PackageRelationshipCollection - Parsing relationship: /xl/_rels/workbook.xml.rels
21:17:50.633 [main] DEBUG org.apache.poi.openxml4j.opc.PackageRelationshipCollection - Parsing relationship: /xl/worksheets/_rels/sheet1.xml.rels
21:17:50.634 [main] DEBUG org.apache.poi.openxml4j.opc.PackageRelationshipCollection - Parsing relationship: /_rels/.rels
21:17:50.679 [main] DEBUG org.apache.poi.openxml4j.opc.PackageRelationshipCollection - Parsing relationship: /xl/_rels/workbook.xml.rels
21:17:50.680 [main] DEBUG org.apache.poi.openxml4j.opc.PackageRelationshipCollection - Parsing relationship: /xl/worksheets/_rels/sheet1.xml.rels
21:17:50.682 [main] DEBUG org.apache.poi.openxml4j.opc.PackageRelationshipCollection - Parsing relationship: /_rels/.rels
21:17:50.726 [main] DEBUG org.apache.poi.openxml4j.opc.PackageRelationshipCollection - Parsing relationship: /xl/_rels/workbook.xml.rels
21:17:50.728 [main] DEBUG org.apache.poi.openxml4j.opc.PackageRelationshipCollection - Parsing relationship: /xl/worksheets/_rels/sheet1.xml.rels
21:17:50.730 [main] DEBUG org.apache.poi.openxml4j.opc.PackageRelationshipCollection - Parsing relationship: /_rels/.rels
21:17:50.765 [main] DEBUG org.apache.poi.openxml4j.opc.PackageRelationshipCollection - Parsing relationship: /xl/_rels/workbook.xml.rels
21:17:50.766 [main] DEBUG org.apache.poi.openxml4j.opc.PackageRelationshipCollection - Parsing relationship: /xl/worksheets/_rels/sheet1.xml.rels
21:17:50.769 [main] DEBUG org.apache.poi.openxml4j.opc.PackageRelationshipCollection - Parsing relationship: /_rels/.rels
